<?xml version="1.0" encoding="UTF-8"?>
<!-- Generated by org.testng.reporters.JUnitXMLReporter -->
<testsuite hostname="WINCTRL-DP65RH5" ignored="1" name="chromeTest" tests="2" failures="0" timestamp="2020-05-17T18:32:48 IST" time="79.338" errors="0">
  <testcase name="Login_Logout" time="18.128" classname="scripts.TC01"/>
  <testcase name="SaveMiddleName" time="29.409" classname="scripts.TC02"/>
  <testcase name="@BeforeTest report" time="0.0" classname="config.StartBrowser">
    <ignored/>
  </testcase> <!-- @BeforeTest report -->
</testsuite> <!-- chromeTest -->
