<?xml version="1.0" encoding="UTF-8"?>
<!-- Generated by org.testng.reporters.JUnitXMLReporter -->
<testsuite hostname="WINCTRL-DP65RH5" ignored="1" name="edgeTest" tests="2" failures="0" timestamp="2020-05-17T18:33:52 IST" time="63.671" errors="0">
  <testcase name="Login_Logout" time="22.563" classname="scripts.TC01"/>
  <testcase name="SaveMiddleName" time="28.886" classname="scripts.TC02"/>
  <testcase name="@BeforeTest report" time="0.0" classname="config.StartBrowser">
    <ignored/>
  </testcase> <!-- @BeforeTest report -->
</testsuite> <!-- edgeTest -->
