<?xml version="1.0" encoding="UTF-8"?>
<!-- Generated by org.testng.reporters.JUnitXMLReporter -->
<testsuite hostname="WINCTRL-DP65RH5" ignored="1" name="Test" tests="2" failures="0" timestamp="2020-05-17T20:12:37 IST" time="123.967" errors="0">
  <testcase name="Login_Logout" time="18.401" classname="scripts.TC01"/>
  <testcase name="SaveMiddleName" time="90.655" classname="scripts.TC02"/>
  <testcase name="@BeforeTest report" time="0.0" classname="config.StartBrowser">
    <ignored/>
  </testcase> <!-- @BeforeTest report -->
</testsuite> <!-- Test -->
