<?xml version="1.0" encoding="UTF-8"?>
<testng-results skipped="0" failed="0" ignored="1" total="3" passed="2">
  <reporter-output>
  </reporter-output>
  <suite name="Suite" duration-ms="123967" started-at="2020-05-17T20:10:33 IST" finished-at="2020-05-17T20:12:37 IST">
    <groups>
    </groups>
    <test name="Test" duration-ms="123967" started-at="2020-05-17T20:10:33 IST" finished-at="2020-05-17T20:12:37 IST">
      <class name="scripts.TC02">
        <test-method status="PASS" signature="startBrowser()[pri:0, instance:scripts.TC02@e5cbff2]" name="startBrowser" is-config="true" duration-ms="4003" started-at="2020-05-17T20:11:01 IST" finished-at="2020-05-17T20:11:05 IST">
          <reporter-output>
          </reporter-output>
        </test-method> <!-- startBrowser -->
        <test-method status="PASS" signature="method(java.lang.reflect.Method)[pri:0, instance:scripts.TC02@e5cbff2]" name="method" is-config="true" duration-ms="0" started-at="2020-05-17T20:11:05 IST" finished-at="2020-05-17T20:11:05 IST">
          <params>
            <param index="0">
              <value>
                <![CDATA[public void scripts.TC02.SaveMiddleName() throws java.lang.Exception]]>
              </value>
            </param>
          </params>
          <reporter-output>
          </reporter-output>
        </test-method> <!-- method -->
        <test-method status="PASS" signature="SaveMiddleName()[pri:0, instance:scripts.TC02@e5cbff2]" name="SaveMiddleName" duration-ms="90655" started-at="2020-05-17T20:11:05 IST" finished-at="2020-05-17T20:12:36 IST">
          <reporter-output>
          </reporter-output>
        </test-method> <!-- SaveMiddleName -->
        <test-method status="PASS" signature="closeBrowser()[pri:0, instance:scripts.TC02@e5cbff2]" name="closeBrowser" is-config="true" duration-ms="1249" started-at="2020-05-17T20:12:36 IST" finished-at="2020-05-17T20:12:37 IST">
          <reporter-output>
          </reporter-output>
        </test-method> <!-- closeBrowser -->
      </class> <!-- scripts.TC02 -->
      <class name="scripts.TC01">
        <test-method status="PASS" signature="report()[pri:0, instance:scripts.TC01@1229a2b7]" name="report" is-config="true" duration-ms="480" started-at="2020-05-17T20:10:33 IST" finished-at="2020-05-17T20:10:34 IST">
          <reporter-output>
          </reporter-output>
        </test-method> <!-- report -->
        <test-method status="PASS" signature="startBrowser()[pri:0, instance:scripts.TC01@1229a2b7]" name="startBrowser" is-config="true" duration-ms="6594" started-at="2020-05-17T20:10:34 IST" finished-at="2020-05-17T20:10:40 IST">
          <reporter-output>
          </reporter-output>
        </test-method> <!-- startBrowser -->
        <test-method status="PASS" signature="method(java.lang.reflect.Method)[pri:0, instance:scripts.TC01@1229a2b7]" name="method" is-config="true" duration-ms="78" started-at="2020-05-17T20:10:40 IST" finished-at="2020-05-17T20:10:40 IST">
          <params>
            <param index="0">
              <value>
                <![CDATA[public void scripts.TC01.Login_Logout() throws java.lang.Exception]]>
              </value>
            </param>
          </params>
          <reporter-output>
          </reporter-output>
        </test-method> <!-- method -->
        <test-method status="PASS" signature="Login_Logout()[pri:0, instance:scripts.TC01@1229a2b7]" name="Login_Logout" duration-ms="18401" started-at="2020-05-17T20:10:40 IST" finished-at="2020-05-17T20:10:59 IST">
          <reporter-output>
          </reporter-output>
        </test-method> <!-- Login_Logout -->
        <test-method status="PASS" signature="closeBrowser()[pri:0, instance:scripts.TC01@1229a2b7]" name="closeBrowser" is-config="true" duration-ms="2337" started-at="2020-05-17T20:10:59 IST" finished-at="2020-05-17T20:11:01 IST">
          <reporter-output>
          </reporter-output>
        </test-method> <!-- closeBrowser -->
      </class> <!-- scripts.TC01 -->
    </test> <!-- Test -->
  </suite> <!-- Suite -->
</testng-results>
